# JRE version: Java(TM) SE Runtime Environment (14.0.1+7) (build 14.0.1+7)
# Java VM: Java HotSpot(TM) 64-Bit Server VM (14.0.1+7, mixed mode, sharing, tiered, compressed oops, g1 gc, windows-amd64)
Heap:
 garbage-first heap   total 262144K, used 194119K [0x00000000e0000000, 0x0000000100000000)
  region size 1024K, 62 young (63488K), 6 survivors (6144K)
 Metaspace       used 79743K, capacity 83393K, committed 84176K, reserved 327680K
  class space    used 10092K, capacity 11275K, committed 11392K, reserved 253952K
GC Heap History (20 events):
Event: 1802.552 GC heap before
{Heap before GC invocations=63 (full 0):
 garbage-first heap   total 262144K, used 214195K [0x00000000e0000000, 0x0000000100000000)
  region size 1024K, 98 young (100352K), 13 survivors (13312K)
 Metaspace       used 80129K, capacity 83046K, committed 83408K, reserved 327680K
  class space    used 10079K, capacity 11047K, committed 11136K, reserved 253952K
}
Event: 1802.569 GC heap after
{Heap after GC invocations=64 (full 0):
 garbage-first heap   total 262144K, used 130984K [0x00000000e0000000, 0x0000000100000000)
  region size 1024K, 9 young (9216K), 9 survivors (9216K)
 Metaspace       used 80129K, capacity 83046K, committed 83408K, reserved 327680K
  class space    used 10079K, capacity 11047K, committed 11136K, reserved 253952K
}
Event: 1802.583 GC heap before
{Heap before GC invocations=64 (full 0):
 garbage-first heap   total 262144K, used 134056K [0x00000000e0000000, 0x0000000100000000)
  region size 1024K, 12 young (12288K), 9 survivors (9216K)
 Metaspace       used 80129K, capacity 83046K, committed 83408K, reserved 327680K
  class space    used 10079K, capacity 11047K, committed 11136K, reserved 253952K
}
Event: 1802.608 GC heap after
{Heap after GC invocations=65 (full 0):
 garbage-first heap   total 262144K, used 118228K [0x00000000e0000000, 0x0000000100000000)
  region size 1024K, 2 young (2048K), 2 survivors (2048K)
 Metaspace       used 80129K, capacity 83046K, committed 83408K, reserved 327680K
  class space    used 10079K, capacity 11047K, committed 11136K, reserved 253952K
}
Event: 1803.023 GC heap before
{Heap before GC invocations=65 (full 0):
 garbage-first heap   total 262144K, used 215508K [0x00000000e0000000, 0x0000000100000000)
  region size 1024K, 97 young (99328K), 2 survivors (2048K)
 Metaspace       used 80522K, capacity 83464K, committed 83664K, reserved 327680K
  class space    used 10125K, capacity 11096K, committed 11136K, reserved 253952K
}
Event: 1803.030 GC heap after
{Heap after GC invocations=66 (full 0):
 garbage-first heap   total 262144K, used 121308K [0x00000000e0000000, 0x0000000100000000)
  region size 1024K, 5 young (5120K), 5 survivors (5120K)
 Metaspace       used 80522K, capacity 83464K, committed 83664K, reserved 327680K
  class space    used 10125K, capacity 11096K, committed 11136K, reserved 253952K
}
Event: 1859.554 GC heap before
{Heap before GC invocations=66 (full 0):
 garbage-first heap   total 262144K, used 217564K [0x00000000e0000000, 0x0000000100000000)
  region size 1024K, 99 young (101376K), 5 survivors (5120K)
 Metaspace       used 80839K, capacity 83794K, committed 84048K, reserved 327680K
  class space    used 10157K, capacity 11157K, committed 11264K, reserved 253952K
}
Event: 1859.564 GC heap after
{Heap after GC invocations=67 (full 0):
 garbage-first heap   total 262144K, used 128963K [0x00000000e0000000, 0x0000000100000000)
  region size 1024K, 12 young (12288K), 12 survivors (12288K)
 Metaspace       used 80839K, capacity 83794K, committed 84048K, reserved 327680K
  class space    used 10157K, capacity 11157K, committed 11264K, reserved 253952K
}
Event: 1859.873 GC heap before
{Heap before GC invocations=67 (full 0):
 garbage-first heap   total 262144K, used 218051K [0x00000000e0000000, 0x0000000100000000)
  region size 1024K, 99 young (101376K), 12 survivors (12288K)
 Metaspace       used 80845K, capacity 83794K, committed 84048K, reserved 327680K
  class space    used 10157K, capacity 11157K, committed 11264K, reserved 253952K
}
Event: 1859.885 GC heap after
{Heap after GC invocations=68 (full 0):
 garbage-first heap   total 262144K, used 134829K [0x00000000e0000000, 0x0000000100000000)
  region size 1024K, 6 young (6144K), 6 survivors (6144K)
 Metaspace       used 80845K, capacity 83794K, committed 84048K, reserved 327680K
  class space    used 10157K, capacity 11157K, committed 11264K, reserved 253952K
}
Event: 1860.609 GC heap before
{Heap before GC invocations=69 (full 0):
 garbage-first heap   total 262144K, used 215725K [0x00000000e0000000, 0x0000000100000000)
  region size 1024K, 88 young (90112K), 6 survivors (6144K)
 Metaspace       used 78340K, capacity 81276K, committed 84048K, reserved 327680K
  class space    used 9846K, capacity 10829K, committed 11264K, reserved 253952K
}
Event: 1860.616 GC heap after
{Heap after GC invocations=70 (full 0):
 garbage-first heap   total 262144K, used 134766K [0x00000000e0000000, 0x0000000100000000)
  region size 1024K, 9 young (9216K), 9 survivors (9216K)
 Metaspace       used 78340K, capacity 81276K, committed 84048K, reserved 327680K
  class space    used 9846K, capacity 10829K, committed 11264K, reserved 253952K
}
Event: 1860.618 GC heap before
{Heap before GC invocations=70 (full 0):
 garbage-first heap   total 262144K, used 137838K [0x00000000e0000000, 0x0000000100000000)
  region size 1024K, 12 young (12288K), 9 survivors (9216K)
 Metaspace       used 78340K, capacity 81276K, committed 84048K, reserved 327680K
  class space    used 9846K, capacity 10829K, committed 11264K, reserved 253952K
}
Event: 1860.643 GC heap after
{Heap after GC invocations=71 (full 0):
 garbage-first heap   total 262144K, used 121462K [0x00000000e0000000, 0x0000000100000000)
  region size 1024K, 1 young (1024K), 1 survivors (1024K)
 Metaspace       used 78340K, capacity 81276K, committed 84048K, reserved 327680K
  class space    used 9846K, capacity 10829K, committed 11264K, reserved 253952K
}
Event: 3138.178 GC heap before
{Heap before GC invocations=71 (full 0):
 garbage-first heap   total 262144K, used 216694K [0x00000000e0000000, 0x0000000100000000)
  region size 1024K, 95 young (97280K), 1 survivors (1024K)
 Metaspace       used 79047K, capacity 82272K, committed 84048K, reserved 327680K
  class space    used 9979K, capacity 11060K, committed 11264K, reserved 253952K
}
Event: 3138.188 GC heap after
{Heap after GC invocations=72 (full 0):
 garbage-first heap   total 262144K, used 125296K [0x00000000e0000000, 0x0000000100000000)
  region size 1024K, 5 young (5120K), 5 survivors (5120K)
 Metaspace       used 79047K, capacity 82272K, committed 84048K, reserved 327680K
  class space    used 9979K, capacity 11060K, committed 11264K, reserved 253952K
}
Event: 3138.983 GC heap before
{Heap before GC invocations=72 (full 0):
 garbage-first heap   total 262144K, used 217456K [0x00000000e0000000, 0x0000000100000000)
  region size 1024K, 96 young (98304K), 5 survivors (5120K)
 Metaspace       used 79725K, capacity 83322K, committed 84176K, reserved 327680K
  class space    used 10091K, capacity 11274K, committed 11392K, reserved 253952K
}
Event: 3138.993 GC heap after
{Heap after GC invocations=73 (full 0):
 garbage-first heap   total 262144K, used 132899K [0x00000000e0000000, 0x0000000100000000)
  region size 1024K, 12 young (12288K), 12 survivors (12288K)
 Metaspace       used 79725K, capacity 83322K, committed 84176K, reserved 327680K
  class space    used 10091K, capacity 11274K, committed 11392K, reserved 253952K
}
Event: 3139.241 GC heap before
{Heap before GC invocations=73 (full 0):
 garbage-first heap   total 262144K, used 217891K [0x00000000e0000000, 0x0000000100000000)
  region size 1024K, 95 young (97280K), 12 survivors (12288K)
 Metaspace       used 79729K, capacity 83386K, committed 84176K, reserved 327680K
  class space    used 10091K, capacity 11274K, committed 11392K, reserved 253952K
}
Event: 3139.253 GC heap after
{Heap after GC invocations=74 (full 0):
 garbage-first heap   total 262144K, used 137799K [0x00000000e0000000, 0x0000000100000000)
  region size 1024K, 6 young (6144K), 6 survivors (6144K)
 Metaspace       used 79729K, capacity 83386K, committed 84176K, reserved 327680K
  class space    used 10091K, capacity 11274K, committed 11392K, reserved 253952K
}

